[2024-09-19T00:41:42.329+0000] {local_task_job_runner.py:123} INFO - ::group::Pre task execution logs
[2024-09-19T00:41:42.521+0000] {taskinstance.py:2612} INFO - Dependencies all met for dep_context=non-requeueable deps ti=<TaskInstance: Bitcoin_ETL.data_transformation manual__2024-09-19T00:36:25.559353+00:00 [queued]>
[2024-09-19T00:41:42.532+0000] {taskinstance.py:2612} INFO - Dependencies all met for dep_context=requeueable deps ti=<TaskInstance: Bitcoin_ETL.data_transformation manual__2024-09-19T00:36:25.559353+00:00 [queued]>
[2024-09-19T00:41:42.533+0000] {taskinstance.py:2865} INFO - Starting attempt 1 of 6
[2024-09-19T00:41:42.555+0000] {taskinstance.py:2888} INFO - Executing <Task(PythonOperator): data_transformation> on 2024-09-19 00:36:25.559353+00:00
[2024-09-19T00:41:42.565+0000] {warnings.py:112} WARNING - /home/***/.local/lib/python3.12/site-packages/***/task/task_runner/standard_task_runner.py:70: DeprecationWarning: This process (pid=74) is multi-threaded, use of fork() may lead to deadlocks in the child.
  pid = os.fork()

[2024-09-19T00:41:42.569+0000] {standard_task_runner.py:72} INFO - Started process 76 to run task
[2024-09-19T00:41:42.567+0000] {standard_task_runner.py:104} INFO - Running: ['***', 'tasks', 'run', 'Bitcoin_ETL', 'data_transformation', 'manual__2024-09-19T00:36:25.559353+00:00', '--job-id', '557', '--raw', '--subdir', 'DAGS_FOLDER/API_Crypto_Extraction_modularizad.py', '--cfg-path', '/tmp/tmpeolz_7jk']
[2024-09-19T00:41:42.571+0000] {standard_task_runner.py:105} INFO - Job 557: Subtask data_transformation
[2024-09-19T00:41:42.641+0000] {task_command.py:467} INFO - Running <TaskInstance: Bitcoin_ETL.data_transformation manual__2024-09-19T00:36:25.559353+00:00 [running]> on host fbf0f24ea267
[2024-09-19T00:41:42.746+0000] {taskinstance.py:3131} INFO - Exporting env vars: AIRFLOW_CTX_DAG_EMAIL='nicolas.rivas@taligent.com.ar' AIRFLOW_CTX_DAG_OWNER='NicolasRivas' AIRFLOW_CTX_DAG_ID='Bitcoin_ETL' AIRFLOW_CTX_TASK_ID='data_transformation' AIRFLOW_CTX_EXECUTION_DATE='2024-09-19T00:36:25.559353+00:00' AIRFLOW_CTX_TRY_NUMBER='1' AIRFLOW_CTX_DAG_RUN_ID='manual__2024-09-19T00:36:25.559353+00:00'
[2024-09-19T00:41:42.747+0000] {taskinstance.py:731} INFO - ::endgroup::
[2024-09-19T00:41:42.775+0000] {logging_mixin.py:190} INFO - Line 47 - df pulled is {"id":{"0":"bitcoin","1":"ethereum","2":"tether","3":"binance-coin","4":"solana","5":"usd-coin","6":"xrp","7":"steth","8":"dogecoin","9":"tron","10":"cardano","11":"avalanche","12":"wrapped-bitcoin","13":"shiba-inu","14":"chainlink","15":"bitcoin-cash","16":"polkadot","17":"multi-collateral-dai","18":"unus-sed-leo","19":"near-protocol","20":"litecoin","21":"uniswap","22":"internet-computer","23":"fetch","24":"monero","25":"stellar","26":"ethereum-classic","27":"stacks","28":"okb","29":"aave","30":"filecoin","31":"crypto-com-coin","32":"fantom","33":"vechain","34":"thorchain","35":"injective-protocol","36":"the-graph","37":"theta","38":"maker","39":"arweave","40":"helium","41":"polygon","42":"cosmos","43":"algorand","44":"bitcoin-sv","45":"lido-dao","46":"quant","47":"kucoin-token","48":"flow","49":"nervos-network","50":"hedera-hashgraph","51":"gatetoken","52":"eos","53":"axie-infinity","54":"neo","55":"gala","56":"tezos","57":"conflux-network","58":"akash-network","59":"elrond-egld","60":"ecash","61":"the-sandbox","62":"mantra-dao","63":"pendle","64":"decentraland","65":"mina","66":"nexo","67":"klaytn","68":"zcash","69":"trueusd","70":"chiliz","71":"pancakeswap","72":"dexe","73":"superfarm","74":"livepeer","75":"oasis-network","76":"iota","77":"ftx-token","78":"aioz-network","79":"fei-protocol","80":"theta-fuel","81":"raydium","82":"compound","83":"gnosis-gno","84":"kava","85":"nxm","86":"xinfin-network","87":"trust-wallet-token","88":"curve-dao-token","89":"synthetix-network-token","90":"iotex","91":"reserve-rights","92":"1inch","93":"kusama","94":"wootrade","95":"amp","96":"dash","97":"holo","98":"golem-network-tokens","99":"just"},"rank":{"0":"1","1":"2","2":"3","3":"4","4":"5","5":"6","6":"7","7":"8","8":"9","9":"10","10":"11","11":"12","12":"13","13":"14","14":"15","15":"16","16":"17","17":"18","18":"19","19":"20","20":"21","21":"22","22":"23","23":"24","24":"25","25":"26","26":"27","27":"28","28":"29","29":"30","30":"31","31":"32","32":"33","33":"34","34":"35","35":"36","36":"37","37":"38","38":"39","39":"40","40":"41","41":"42","42":"43","43":"44","44":"45","45":"46","46":"47","47":"48","48":"49","49":"50","50":"51","51":"52","52":"53","53":"54","54":"55","55":"56","56":"57","57":"58","58":"59","59":"60","60":"61","61":"62","62":"63","63":"64","64":"65","65":"66","66":"67","67":"68","68":"69","69":"70","70":"71","71":"72","72":"73","73":"74","74":"75","75":"76","76":"77","77":"78","78":"79","79":"80","80":"81","81":"82","82":"83","83":"84","84":"85","85":"86","86":"87","87":"88","88":"89","89":"90","90":"91","91":"92","92":"93","93":"94","94":"95","95":"96","96":"97","97":"98","98":"99","99":"100"},"symbol":{"0":"BTC","1":"ETH","2":"USDT","3":"BNB","4":"SOL","5":"USDC","6":"XRP","7":"STETH","8":"DOGE","9":"TRX","10":"ADA","11":"AVAX","12":"WBTC","13":"SHIB","14":"LINK","15":"BCH","16":"DOT","17":"DAI","18":"LEO","19":"NEAR","20":"LTC","21":"UNI","22":"ICP","23":"FET","24":"XMR","25":"XLM","26":"ETC","27":"STX","28":"OKB","29":"AAVE","30":"FIL","31":"CRO","32":"FTM","33":"VET","34":"RUNE","35":"INJ","36":"GRT","37":"THETA","38":"MKR","39":"AR","40":"HNT","41":"MATIC","42":"ATOM","43":"ALGO","44":"BSV","45":"LDO","46":"QNT","47":"KCS","48":"FLOW","49":"CKB","50":"HBAR","51":"GT","52":"EOS","53":"AXS","54":"NEO","55":"GALA","56":"XTZ","57":"CFX","58":"AKT","59":"EGLD","60":"XEC","61":"SAND","62":"OM","63":"PENDLE","64":"MANA","65":"MINA","66":"NEXO","67":"KLAY","68":"ZEC","69":"TUSD","70":"CHZ","71":"CAKE","72":"DEXE","73":"SUPER","74":"LPT","75":"ROSE","76":"IOTA","77":"FTT","78":"AIOZ","79":"FEI","80":"TFUEL","81":"RAY","82":"COMP","83":"GNO","84":"KAVA","85":"NXM","86":"XDC","87":"TWT","88":"CRV","89":"SNX","90":"IOTX","91":"RSR","92":"1INCH","93":"KSM","94":"WOO","95":"AMP","96":"DASH","97":"HOT","98":"GLM","99":"JST"},"name":{"0":"Bitcoin","1":"Ethereum","2":"Tether","3":"BNB","4":"Solana","5":"USDC","6":"XRP","7":"Lido Staked ETH","8":"Dogecoin","9":"TRON","10":"Cardano","11":"Avalanche","12":"Wrapped Bitcoin","13":"Shiba Inu","14":"Chainlink","15":"Bitcoin Cash","16":"Polkadot","17":"Multi Collateral DAI","18":"UNUS SED LEO","19":"NEAR Protocol","20":"Litecoin","21":"Uniswap","22":"Internet Computer","23":"Artificial Superintelligence Alliance","24":"Monero","25":"Stellar","26":"Ethereum Classic","27":"Stacks","28":"OKB","29":"Aave","30":"Filecoin","31":"Crypto.com Coin","32":"Fantom","33":"VeChain","34":"THORChain","35":"Injective","36":"The Graph","37":"THETA","38":"Maker","39":"Arweave","40":"Helium","41":"Polygon","42":"Cosmos","43":"Algorand","44":"Bitcoin SV","45":"Lido DAO","46":"Quant","47":"KuCoin Token","48":"Flow","49":"Nervos Network","50":"Hedera Hashgraph","51":"GateToken","52":"EOS","53":"Axie Infinity","54":"Neo","55":"Gala","56":"Tezos","57":"Conflux","58":"Akash Network","59":"MultiversX","60":"eCash","61":"The Sandbox","62":"MANTRA DAO","63":"Pendle","64":"Decentraland","65":"Mina","66":"Nexo","67":"Klaytn","68":"Zcash","69":"TrueUSD","70":"Chiliz","71":"PancakeSwap","72":"DeXe","73":"SuperVerse","74":"Livepeer","75":"Oasis","76":"IOTA","77":"FTX Token","78":"AIOZ Network","79":"Fei Protocol","80":"Theta Fuel","81":"Raydium","82":"Compound","83":"Gnosis","84":"Kava","85":"NXM","86":"XinFin Network","87":"Trust Wallet Token","88":"Curve DAO Token","89":"Synthetix","90":"IoTeX","91":"Reserve Rights","92":"1inch Network","93":"Kusama","94":"WOO","95":"Amp","96":"Dash","97":"Holo","98":"Golem","99":"JUST"},"supply":{"0":"19755946.0000000000000000","1":"120343275.2887162300000000","2":"118891598050.3720700000000000","3":"166801148.0000000000000000","4":"468367692.2394171000000000","5":"35568376392.7394200000000000","6":"45404028640.0000000000000000","7":"9779996.2908234700000000","8":"146013906383.7052000000000000","9":"86680644693.5044400000000000","10":"35960643044.1100000000000000","11":"405924059.0562936000000000","12":"153204.7406488300000000","13":"589269506895882.0000000000000000","14":"608099970.4527867000000000","15":"19762628.1250000000000000","16":"1414182266.9087400000000000","17":"5365382702.6648720000000000","18":"925437456.9000000000000000","19":"1130736085.0000000000000000","20":"74989487.3566697000000000","21":"600210149.7100000000000000","22":"470952885.1773628000000000","23":"2520000000.0000000000000000","24":"18446744.0737095500000000","25":"29575290294.3895300000000000","26":"148795238.6949955200000000","27":"1489726834.5938600000000000","28":"60000000.0000000000000000","29":"14932426.4651247400000000","30":"586370711.0000000000000000","31":"25263013692.0000000000000000","32":"2803634835.5265927000000000","33":"80985041177.0000000000000000","34":"335575686.0000000000000000","35":"73005554.3300000000000000","36":"9548531509.1654740000000000","37":"1000000000.0000000000000000","38":"883126.6391121500000000","39":"65652466.0000000000000000","40":"160875441.8242133300000000","41":"3005930255.5931460000000000","42":"248453201.0000000000000000","43":"8252090263.1929380000000000","44":"19758403.1250000000000000","45":"895274264.7692856000000000","46":"12072738.0000000000000000","47":"117906971.2884767500000000","48":"1533206949.0670724000000000","49":"44961993810.4171000000000000","50":"14832756028.0000000000000000","51":"90988265.9360844600000000","52":"1515523717.4439000000000000","53":"149775029.6467236600000000","54":"70538831.0000000000000000","55":"34678010430.6632300000000000","56":"1001048150.3380090000000000","57":"4431830259.1400000000000000","58":"248285794.6611410000000000","59":"24184559.1898415400000000","60":"19758679673090.0000000000000000","61":"2336232126.2233224000000000","62":"500205033.1781248500000000","63":"158428781.0924525300000000","64":"1908319865.3915880000000000","65":"1158900228.8400393000000000","66":"560000011.0000000000000000","67":"3803678791.7692375000000000","68":"16328268.7500000000000000","69":"495601552.6100000000000000","70":"9085685432.0000000000000000","71":"267134005.9906375400000000","72":"57103247.5232684700000000","73":"487976093.4169172600000000","74":"34623919.7114069700000000","75":"7064132681.0000000000000000","76":"3440020224.0000000000000000","77":"328895103.8132070000000000","78":"1122871726.4375231000000000","79":"424996177.7889055600000000","80":"6685092927.0000000000000000","81":"263782588.9081420000000000","82":"8783005.0274123000000000","83":"2589588.0000000000000000","84":"1082854736.0000000000000000","85":"6594067.8412913900000000","86":"12293293518.5500000000000000","87":"416649900.0000000000000000","88":"1196846310.0000000000000000","89":"233716733.4900000000000000","90":"9441372454.0000000000000000","91":"51438764433.0000000000000000","92":"1270266427.0233195000000000","93":"15478893.2455308100000000","94":"1823495492.2240531000000000","95":"80722574661.2915300000000000","96":"11954937.1036593400000000","97":"173841360397.9503800000000000","98":"1000000000.0000000000000000","99":"9900000000.0000000000000000"},"maxSupply":{"0":"21000000.0000000000000000","1":null,"2":null,"3":"166801148.0000000000000000","4":null,"5":null,"6":"100000000000.0000000000000000","7":null,"8":null,"9":null,"10":"45000000000.0000000000000000","11":"715748719.0000000000000000","12":null,"13":null,"14":null,"15":"21000000.0000000000000000","16":null,"17":null,"18":null,"19":null,"20":"84000000.0000000000000000","21":null,"22":null,"23":"2630547141.0000000000000000","24":null,"25":"50001806812.0000000000000000","26":"210700000.0000000000000000","27":"1818000000.0000000000000000","28":null,"29":null,"30":null,"31":"30263013692.0000000000000000","32":null,"33":"86712634466.0000000000000000","34":null,"35":"100000000.0000000000000000","36":null,"37":"1000000000.0000000000000000","38":"1005577.0000000000000000","39":"66000000.0000000000000000","40":null,"41":null,"42":null,"43":"10000000000.0000000000000000","44":null,"45":null,"46":"14881364.0000000000000000","47":"170118638.0000000000000000","48":null,"49":null,"50":"50000000000.0000000000000000","51":null,"52":"2100000000.0000000000000000","53":null,"54":"100000000.0000000000000000","55":null,"56":null,"57":null,"58":"388539008.0000000000000000","59":"31415926.0000000000000000","60":"21000000000000.0000000000000000","61":null,"62":"888888888.0000000000000000","63":null,"64":null,"65":null,"66":null,"67":null,"68":"21000000.0000000000000000","69":null,"70":null,"71":"450000000.0000000000000000","72":"98942301.0000000000000000","73":"1000000000.0000000000000000","74":null,"75":null,"76":null,"77":null,"78":null,"79":null,"80":null,"81":null,"82":null,"83":"3000000.0000000000000000","84":null,"85":null,"86":null,"87":null,"88":null,"89":"212424133.0000000000000000","90":"10000000000.0000000000000000","91":null,"92":null,"93":null,"94":null,"95":null,"96":"18900000.0000000000000000","97":null,"98":null,"99":"9900000000.0000000000000000"},"marketCapUsd":{"0":"1230863905231.8939656878874532","1":"288008041741.7474633890947645","2":"118966292858.1018775542986342","3":"93505061158.8287076084865372","4":"63212135535.7332498959125617","5":"35583955891.2931749762899446","6":"26707377244.4895265319466880","7":"23356101785.4950187584502529","8":"15314482737.4934735958849636","9":"12980133064.7201709785040756","10":"12542902101.7216694917567826","11":"10483268610.5518738074136433","12":"9530787952.9820907206646150","13":"8147959142.9025039297280398","14":"6701441040.4054923130070164","15":"6697286549.5113913345116203","16":"5981513522.3399624029357770","17":"5372536351.8887725595160984","18":"5299497393.2350915433010263","19":"5072949184.9722178037752885","20":"4889320188.9400065092360408","21":"4101545285.4654487578026207","22":"3899694124.1390255021790389","23":"3731299578.9485549280000000","24":"3155532678.2465311398984917","25":"2833699142.3058562738866359","26":"2725889394.6331903801211315","27":"2360279108.8196780755796891","28":"2335345577.0082718140000000","29":"2165917236.1125162852306715","30":"2150887956.6814887345433361","31":"2037638887.0398177830043600","32":"1826868313.7121312491356732","33":"1796802976.5900231646859151","34":"1477206858.5508200516416332","35":"1460124679.9183459466958970","36":"1424061495.0365466732785176","37":"1403989114.2564603000000000","38":"1357298133.0684914558264349","39":"1272036605.8896760843730866","40":"1200383116.0537293503522861","41":"1152425674.8470631367297505","42":"1094549024.1185388549074754","43":"1071049599.4803959760669623","44":"955955185.6300429135046259","45":"919241093.9859323805040679","46":"892191316.6723651070382120","47":"882388690.0074927614142832","48":"848057457.8485386576203195","49":"822442196.8807006946229041","50":"765330559.8147261358991140","51":"757313756.1893249101404971","52":"750119812.8841320085959195","53":"714334797.7521124856970251","54":"681226956.9080398284415367","55":"663743593.9725775467226887","56":"658033987.6272470071254386","57":"653735937.3383765257533211","58":"651385507.1134984512096755","59":"637817730.4670463284999668","60":"631530489.1898926384989330","61":"604807887.1565978149171074","62":"592260894.2197233166808486","63":"557521955.5559393866538631","64":"545330049.8143872845351382","65":"531878571.7314987138307153","66":"526340328.4198932205923589","67":"513340207.0101522074424182","68":"505684213.4695658752059506","69":"495382108.6951303155669754","70":"491442479.7106929851804128","71":"480407398.6742547732702544","72":"455518014.3547864027455257","73":"453238799.7187172610684419","74":"446559597.6021566454066406","75":"441603815.3938437779895583","76":"436315284.7766764775304192","77":"431546972.7477374765984167","78":"430028949.8129681812630945","79":"421215881.8203735183107389","80":"417883974.8951511291789360","81":"394452506.5619618900387222","82":"389416540.2988733148257118","83":"389049701.9340476198705688","84":"363365586.6267476695365712","85":"346789135.2462977837816096","86":"345752975.3684387907337294","87":"342195853.6667085002334600","88":"340393059.9110335901418900","89":"339580801.7942858413059006","90":"335535627.5751740110888180","91":"333096858.4916528984640009","92":"324794217.2500243680546546","93":"322627643.3440473369416926","94":"320038564.1003314195508769","95":"304154384.8319831136003742","96":"299589179.9545002960438090","97":"295882707.7425347889438268","98":"283037813.8916134000000000","99":"273760803.1810010700000000"},"volumeUsd24Hr":{"0":"24310816038.2055887627583813","1":"15101997767.5175984691450957","2":"20730501945.7900022016958407","3":"252010864.6189562592444036","4":"869427713.4459430364612599","5":"3093473129.7692959730886244","6":"543735572.3760932881916787","7":"110176.7457764148539801","8":"298724195.5610728027966586","9":"135293026.5373174854874533","10":"142998880.3877017010035030","11":"144996109.6027080550128561","12":"24541966.9255557774677055","13":"78039617.4650227644252978","14":"163043104.2978173920498677","15":"81566575.3201941514253123","16":"93186048.4818694537528912","17":"9438297.3432009495602020","18":"959884.0662162577062871","19":"120090875.6718597654179507","20":"209296389.6205956130314543","21":"77679762.2101689110998393","22":"39438061.1973124702243704","23":"216898475.0539017454739443","24":"36471650.4169565355962026","25":"37079767.2432111175974109","26":"66970885.0647387445461956","27":"15096420.9340029644666444","28":"553504.5187638564543914","29":"112927286.3131240584577250","30":"71420768.2864338212292771","31":"2250647.7370435648995129","32":"191543992.8441886314320285","33":"18085177.3645655163916939","34":"57657655.3649301998018376","35":"39969035.9151725881470393","36":"16883008.8663949452165193","37":"11383868.0335749700305492","38":"22775849.4057677764109444","39":"24643269.4411371379518375","40":"11183937.1055124933499909","41":"37003493.9581414702724664","42":"66920076.7741359900860587","43":"25354566.3843202937934608","44":"7875473.8726536895693245","45":"3511121.0329770266569037","46":"4795542.4035321144636584","47":"1847980.0775833527669241","48":"16903364.1674649033254772","49":"515704998.5116913934921731","50":"13016742.6021478263674548","51":"1092576.4051070531981253","52":"25519761.8385044214644898","53":"8514089.7613864774546671","54":"8959446.5562630286454324","55":"34801830.6682972997149509","56":"14845395.9236069580558361","57":"7768869.2811349711289846","58":"2122673.1027282821412576","59":"16333099.0998623001355795","60":"5965551.6236209886900770","61":"13751619.8917485323115742","62":"8303909.9979512330548493","63":"5252035.2913510784977572","64":"10158934.7964364651222188","65":"6114518.9212989322190877","66":"694390.8868352883485576","67":"3174623.3753829553224656","68":"52590983.0073885192842899","69":"4365691.9859877928587949","70":"11847706.4651434613196597","71":"7446141.1811680419796968","72":"256829.5141790390166604","73":"15898338.8887510442884308","74":"9513820.1203429262961695","75":"8513857.3252130528467853","76":"3801372.4589364651630283","77":"4278316.5330935707712898","78":"1516413.0505175252960130","79":"111091.7344279646752706","80":"2130290.7644210614422215","81":"3562103.6561674362969981","82":"12777715.3087254390974810","83":"3528628.3230578513372816","84":"49125984.2301024946811202","85":"644047.8522854388348829","86":"574522.7497899470298613","87":"8335819.9151516176150035","88":"14084065.2259148333690342","89":"10258893.2166616506658324","90":"3006982.0013448442768826","91":"15452989.4975544404992916","92":"13574554.6889197564633260","93":"8976566.7852754818168847","94":"12722193.4692710263680636","95":"677033.2028084146563642","96":"28002889.2944301893995122","97":"2319015.6847705191762320","98":"204758.5057574077638514","99":"3285641.4841862952929811"},"priceUsd":{"0":"62303.4657632640808842","1":"2393.2209012160068540","2":"1.0006282597673400","3":"560.5780432568048489","4":"134.9626299659902426","5":"1.0004380154545636","6":"0.5882160249753892","7":"2388.1503725527945544","8":"0.1048837272886121","9":"0.1497466142599290","10":"0.3487952672686167","11":"25.8256892555808149","12":"62209.4845930922948737","13":"0.0000138272200539","14":"11.0202949613953267","15":"338.8864328747465785","16":"4.2296623725985113","17":"1.0013332971048547","18":"5.7264781684838799","19":"4.4864131005178081","20":"65.2000748542941142","21":"6.8335153736523253","22":"8.2804336630624624","23":"1.4806744360906964","24":"171.0617692551945810","25":"0.0958130626647953","26":"18.3197353526935881","27":"1.5843704053724415","28":"38.9224262834711969","29":"145.0479090703108317","30":"3.6681367543296151","31":"0.0806569996708300","32":"0.6516070818363190","33":"0.0221868501945063","34":"4.4020080124363362","35":"20.0001861956733388","36":"0.1491393198702454","37":"1.4039891142564603","38":"1536.9235542855428226","39":"19.3753058093762401","40":"7.4615684186612747","41":"0.3833840365067487","42":"4.4054535007521954","43":"0.1297913092707714","44":"48.3822088041359827","45":"1.0267703765871379","46":"73.9013235168662740","47":"7.4837703009824502","48":"0.5531265419613221","49":"0.0182919423090653","50":"0.0515973267793255","51":"8.3232024305343602","52":"0.4949574884577147","53":"4.7693851200498735","54":"9.6574744328842057","55":"0.0191401866984179","56":"0.6573449912524772","57":"0.1475092454161894","58":"2.6235311126136136","59":"26.3729318140706365","60":"0.0000319621806537","61":"0.2588817610920841","62":"1.1840362550066885","63":"3.5190699045433700","64":"0.2857644882832498","65":"0.4589511318535712","66":"0.9398934251447599","67":"0.1349588740566019","68":"30.9698609945751827","69":"0.9995572170552856","70":"0.0540897528743204","71":"1.7983760505994583","72":"7.9770947207367079","73":"0.9288135337635872","74":"12.8974304851751387","75":"0.0625135222306343","76":"0.1268350929255108","77":"1.3121112711754769","78":"0.3829724622039409","79":"0.9911051059607183","80":"0.0625098228937680","81":"1.4953697595989687","82":"44.3375062502503747","83":"150.2361386962125326","84":"0.3355626332383217","85":"52.5910778586078653","86":"0.0281253331214059","87":"0.8213030980367654","88":"0.2844083296802190","89":"1.4529588734339188","90":"0.0355388614536670","91":"0.0064755999130873","92":"0.2556898382421484","93":"20.8430692186083119","94":"0.1755082836590902","95":"0.0037678974699234","96":"25.0598708597804089","97":"0.0017020271071580","98":"0.2830378138916134","99":"0.0276526063819193"},"changePercent24Hr":{"0":"3.7869805395721214","1":"3.2345593500377694","2":"0.0206125280002094","3":"3.0744669070899838","4":"3.3994410994427229","5":"0.0238791321186582","6":"1.2636373289430254","7":"3.2272245886490183","8":"4.6964424409169018","9":"-0.0502250795102715","10":"5.0745843454737755","11":"9.5614449901432920","12":"3.7173631492640141","13":"4.7340121233121627","14":"4.5457837365408758","15":"8.2879495419099690","16":"2.4637645932828038","17":"0.0264688584074554","18":"-0.3929772717601769","19":"10.7793372118939550","20":"2.5916525924498292","21":"2.9437867428415081","22":"5.9256091916312435","23":"11.3062621479856252","24":"-1.1590614554706747","25":"1.5951713932911495","26":"3.9398102508409728","27":"5.1750209967129325","28":"2.1810516792676328","29":"4.2047693099818361","30":"6.6270279430522739","31":"1.4782643568417945","32":"14.2860662074088352","33":"4.9715654576503980","34":"9.9910804678206035","35":"3.2338959873807687","36":"6.2235074502130724","37":"9.1406655277681089","38":"3.0430931296521187","39":"6.5638517041235993","40":"10.2092805948747110","41":"0.6042270010189558","42":"5.8965237329878664","43":"5.5553543125490508","44":"3.4394816257157892","45":"4.1666612756573567","46":"6.9852273474081728","47":"-2.9315335768032934","48":"3.2461338754234839","49":"5.3003211564705562","50":"4.2192656177020032","51":"1.7901077132424049","52":"3.4361941551493040","53":"2.9306736492115552","54":"5.0627572763640160","55":"6.1801340084696926","56":"4.1179742657477561","57":"5.2665867802042689","58":"9.2894324112892119","59":"3.6048330602287425","60":"3.8700454303203301","61":"3.3756943958012015","62":"14.6360844779851117","63":"7.1511711819316792","64":"3.8791522483427571","65":"9.6984884362760646","66":"0.1187066783085335","67":"3.3820382964891882","68":"4.5994983900772160","69":"0.0544401035065586","70":"4.5221318051351842","71":"4.1819447615324643","72":"5.0347460299913329","73":"11.3534037380273934","74":"4.7166193371375164","75":"4.3250504549669761","76":"3.9525710198614688","77":"2.0368899567092523","78":"2.6472748616037743","79":"0.0122753118405943","80":"2.7696878166519901","81":"2.6282633520387498","82":"4.6153951567418256","83":"0.2440267858664977","84":"10.0494617542511716","85":"1.4883129344860662","86":"2.3742122115083460","87":"-0.7233187159262784","88":"6.3826014689307669","89":"3.3362278491314182","90":"5.0140238578903769","91":"7.1464402377834906","92":"7.0631516207413002","93":"4.1246142574506426","94":"8.6535339872991624","95":"2.8131764253537472","96":"3.8956682319048218","97":"5.1586716339170406","98":"3.1435661156664067","99":"-1.0858206388090435"},"vwap24Hr":{"0":"60251.5476958976313218","1":"2320.3566128612506404","2":"1.0001225462311939","3":"545.2702249095976335","4":"130.3896069422267673","5":"0.9997306947422073","6":"0.5750647012172947","7":"2317.2262984094953084","8":"0.1011655699674389","9":"0.1497240622955115","10":"0.3339483239910590","11":"23.5415417036720930","12":"60236.3411536919538165","13":"0.0000133022160393","14":"10.5500872506238694","15":"313.8844000164712250","16":"4.0796809777611666","17":"1.0018840712393198","18":"5.6720781820516514","19":"4.0845739454583844","20":"63.7503710685300821","21":"6.5879377909734584","22":"7.8218019553410815","23":"1.3736391537092008","24":"172.1873089505931622","25":"0.0942343757853702","26":"17.8412705850131088","27":"1.5198662243965146","28":"37.7406462833600945","29":"137.3609299851915284","30":"3.4641436132870178","31":"0.0794110974167040","32":"0.6048388456349117","33":"0.0213174789222035","34":"3.9974219325972544","35":"18.9947227129549303","36":"0.1396892833463622","37":"1.3011805663548468","38":"1471.8611549328429232","39":"18.4129470487515993","40":"6.7707482490983765","41":"0.3793338351353444","42":"4.2082253194967149","43":"0.1228691752169601","44":"46.1982772954873248","45":"0.9759933842129704","46":"71.2944649814944121","47":"7.4559993404024181","48":"0.5333438009901034","49":"0.0179068951723573","50":"0.0493630795031970","51":"8.1497487946958638","52":"0.4792548000133069","53":"4.6085370320330706","54":"9.2265324962417597","55":"0.0182474938659356","56":"0.6310536567871702","57":"0.1408209261457162","58":"2.4600780850900140","59":"25.8348462419358333","60":"0.0000305831252456","61":"0.2495836119623920","62":"1.0723459343790022","63":"3.2428884746868578","64":"0.2743694776616346","65":"0.4195078327486428","66":"0.9694746043704590","67":"0.1295023602439122","68":"29.8273050919734035","69":"0.9992699037621196","70":"0.0517452229716116","71":"1.7210705186502209","72":"7.5797837109297326","73":"0.8455298130580535","74":"12.2968167353593747","75":"0.0600865359122547","76":"0.1218408194110307","77":"1.2848460604598910","78":"0.3756172323550736","79":"0.9878994419871122","80":"0.0608300856908813","81":"1.4483893865731286","82":"42.2936345379974737","83":"147.8018200404417487","84":"0.3231820514731230","85":"51.8044021590411064","86":"0.0281212673193611","87":"0.8102248990289906","88":"0.2694855831042664","89":"1.3783391912764197","90":"0.0340442390375966","91":"0.0062502578098685","92":"0.2420965498555055","93":"20.0658142937512092","94":"0.1642171876418284","95":"0.0036575780280376","96":"23.8416093848359043","97":null,"98":"0.2729318113520628","99":"0.0276367585230617"},"explorer":{"0":"https:\/\/blockchain.info\/","1":"https:\/\/etherscan.io\/","2":"https:\/\/www.omniexplorer.info\/asset\/31","3":"https:\/\/etherscan.io\/token\/0xB8c77482e45F1F44dE1745F52C74426C631bDD52","4":"https:\/\/explorer.solana.com\/","5":"https:\/\/etherscan.io\/token\/0xa0b86991c6218b36c1d19d4a2e9eb0ce3606eb48","6":"https:\/\/xrpcharts.ripple.com\/#\/graph\/","7":"https:\/\/etherscan.io\/token\/0xae7ab96520de3a18e5e111b5eaab095312d7fe84","8":"http:\/\/dogechain.info\/chain\/Dogecoin","9":"https:\/\/tronscan.org\/#\/","10":"https:\/\/cardanoexplorer.com\/","11":"https:\/\/avascan.info\/","12":"https:\/\/etherscan.io\/token\/0x2260fac5e5542a773aa44fbcfedf7c193bc2c599","13":"https:\/\/etherscan.io\/token\/0x95ad61b0a150d79219dcf64e1e6cc01f0b64c4ce","14":"https:\/\/etherscan.io\/token\/0x514910771af9ca656af840dff83e8264ecf986ca","15":"https:\/\/blockchair.com\/bitcoin-cash\/blocks","16":"https:\/\/polkascan.io\/polkadot","17":"https:\/\/etherscan.io\/token\/0x89d24a6b4ccb1b6faa2625fe562bdd9a23260359","18":"https:\/\/eospark.com\/account\/bitfinexleo1","19":"https:\/\/explorer.nearprotocol.com\/","20":"http:\/\/explorer.litecoin.net\/chain\/Litecoin","21":"https:\/\/etherscan.io\/token\/0x1f9840a85d5af5bf1d1762f925bdaddc4201f984","22":"https:\/\/www.dfinityexplorer.org\/#\/","23":"https:\/\/etherscan.io\/token\/0x1d287cc25dad7ccaf76a26bc660c5f7c8e2a05bd","24":"http:\/\/moneroblocks.info\/","25":"https:\/\/dashboard.stellar.org\/","26":"http:\/\/gastracker.io\/","27":"https:\/\/explorer.xinfin.network\/","28":"https:\/\/etherscan.io\/token\/0x75231f58b43240c9718dd58b4967c5114342a86c","29":"https:\/\/etherscan.io\/token\/0x80fB784B7eD66730e8b1DBd9820aFD29931aab03","30":"https:\/\/protocol.ai","31":"https:\/\/etherscan.io\/token\/0xa0b73e1ff0b80914ab6fe0444e65848c4c34450b","32":"https:\/\/etherscan.io\/token\/0x4e15361fd6b4bb609fa63c81a2be19d873717870","33":"https:\/\/explore.veforge.com\/","34":"https:\/\/explorer.binance.org\/asset\/RUNE-B1A","35":"https:\/\/etherscan.io\/token\/0xe28b3b32b6c345a34ff64674606124dd5aceca30","36":"https:\/\/etherscan.io\/token\/0xc944e90c64b2c07662a292be6244bdf05cda44a7","37":"https:\/\/explorer.thetatoken.org\/","38":"https:\/\/etherscan.io\/token\/Maker","39":"https:\/\/viewblock.io\/arweave","40":"https:\/\/explorer.helium.com\/","41":"https:\/\/etherscan.io\/token\/0x7D1AfA7B718fb893dB30A3aBc0Cfc608AaCfeBB0","42":"https:\/\/www.mintscan.io\/","43":"https:\/\/algoexplorer.io\/","44":"https:\/\/bsvexplorer.io\/","45":"https:\/\/etherscan.io\/token\/0x5a98fcbea516cf06857215779fd812ca3bef1b32","46":"https:\/\/etherscan.io\/token\/0x4a220e6096b25eadb88358cb44068a3248254675","47":"https:\/\/etherscan.io\/token\/0xf34960d9d60be18cc1d5afc1a6f012a723a28811","48":"https:\/\/flowscan.org\/","49":"https:\/\/explorer.nervos.org\/","50":"https:\/\/hash-hash.info\/","51":null,"52":"https:\/\/bloks.io\/","53":"https:\/\/etherscan.io\/token\/0xf5d669627376ebd411e34b98f19c868c8aba5ada","54":"https:\/\/neotracker.io","55":"https:\/\/ethplorer.io\/es\/address\/0x15d4c048f83bd7e37d49ea4c83a07267ec4203da#chart=candlestick","56":"https:\/\/tzkt.io\/","57":"http:\/\/www.confluxscan.io\/","58":"https:\/\/akash.bigdipper.live\/","59":"https:\/\/explorer.elrond.com\/","60":"https:\/\/explorer.bitcoinabc.org\/","61":"https:\/\/etherscan.io\/token\/0x3845badAde8e6dFF049820680d1F14bD3903a5d0","62":"https:\/\/etherscan.io\/token\/0x3593d125a4f7849a1b059e64f4517a86dd60c95d","63":"https:\/\/etherscan.io\/token\/0x808507121b80c02388fad14726482e061b8da827","64":"https:\/\/etherscan.io\/token\/decentraland","65":"https:\/\/minaexplorer.com\/","66":"https:\/\/etherscan.io\/token\/0xb62132e35a6c13ee1ee0f84dc5d40bad8d815206","67":"https:\/\/scope.klaytn.com\/blocks","68":"https:\/\/explorer.zcha.in\/","69":"https:\/\/etherscan.io\/token\/0x8dd5fbce2f6a956c3022ba3663759011dd51e73e","70":"https:\/\/etherscan.io\/token\/0x3506424f91fd33084466f402d5d97f05f8e3b4af","71":"https:\/\/bscscan.com\/token\/0x0e09fabb73bd3ade0a17ecc321fd13a19e81ce82","72":"https:\/\/etherscan.io\/token\/0xde4EE8057785A7e8e800Db58F9784845A5C2Cbd6","73":"https:\/\/etherscan.io\/token\/0xe53ec727dbdeb9e2d5456c3be40cff031ab40a55","74":"https:\/\/explorer.livepeer.org\/","75":"https:\/\/www.oasisscan.com\/","76":"https:\/\/thetangle.org\/","77":"https:\/\/etherscan.io\/token\/0x50d1c9771902476076ecfc8b2a83ad6b9355a4c9","78":"https:\/\/etherscan.io\/token\/0x626e8036deb333b408be468f951bdb42433cbf18","79":"https:\/\/etherscan.io\/token\/0x956F47F50A910163D8BF957Cf5846D573E7f87CA","80":"https:\/\/explorer.thetatoken.org\/","81":"https:\/\/explorer.solana.com\/address\/4k3Dyjzvzp8eMZWUXbBCjEvwSkkk59S5iCNLY3QrkX6R","82":"https:\/\/etherscan.io\/token\/0xc00e94cb662c3520282e6f5717214004a7f26888","83":"https:\/\/etherscan.io\/token\/Gnosis","84":"https:\/\/www.mintscan.io\/kava","85":"https:\/\/etherscan.io\/token\/0xd7c49cee7e9188cca6ad8ff264c1da2e69d4cf3b","86":"https:\/\/etherscan.io\/token\/0x41ab1b6fcbb2fa9dced81acbdec13ea6315f2bf2","87":"https:\/\/explorer.binance.org\/asset\/TWT-8C2","88":"https:\/\/etherscan.io\/token\/0xD533a949740bb3306d119CC777fa900bA034cd52","89":"https:\/\/etherscan.io\/token\/0xc011a72400e58ecd99ee497cf89e3775d4bd732f","90":"https:\/\/etherscan.io\/token\/0x6fb3e0a217407efff7ca062d46c26e5d60a14d69","91":"https:\/\/etherscan.io\/token\/0x8762db106b2c2a0bccb3a80d1ed41273552616e8","92":"https:\/\/etherscan.io\/token\/0x111111111117dc0aa78b770fa6a738034120c302","93":"https:\/\/kusama.subscan.io\/","94":"https:\/\/etherscan.io\/token\/0x4691937a7508860f876c9c0a2a617e7d9e945d4b","95":null,"96":"https:\/\/explorer.dash.org","97":"https:\/\/etherscan.io\/token\/0x6c6ee5e31d828de241282b9606c8e98ea48526e2","98":"https:\/\/etherscan.io\/token\/Golem","99":"https:\/\/tronscan.org\/#\/token20\/TCFLL5dx5ZJdKnWuesXxi1VPwjLVmWZZy9"}}
[2024-09-19T00:41:42.797+0000] {taskinstance.py:3310} ERROR - Task failed with exception
Traceback (most recent call last):
  File "/home/airflow/.local/lib/python3.12/site-packages/airflow/models/taskinstance.py", line 767, in _execute_task
    result = _execute_callable(context=context, **execute_callable_kwargs)
             ^^^^^^^^^^^^^^^^^^^^^^^^^^^^^^^^^^^^^^^^^^^^^^^^^^^^^^^^^^^^^
  File "/home/airflow/.local/lib/python3.12/site-packages/airflow/models/taskinstance.py", line 733, in _execute_callable
    return ExecutionCallableRunner(
           ^^^^^^^^^^^^^^^^^^^^^^^^
  File "/home/airflow/.local/lib/python3.12/site-packages/airflow/utils/operator_helpers.py", line 252, in run
    return self.func(*args, **kwargs)
           ^^^^^^^^^^^^^^^^^^^^^^^^^^
  File "/home/airflow/.local/lib/python3.12/site-packages/airflow/models/baseoperator.py", line 406, in wrapper
    return func(self, *args, **kwargs)
           ^^^^^^^^^^^^^^^^^^^^^^^^^^^
  File "/home/airflow/.local/lib/python3.12/site-packages/airflow/operators/python.py", line 238, in execute
    return_value = self.execute_callable()
                   ^^^^^^^^^^^^^^^^^^^^^^^
  File "/home/airflow/.local/lib/python3.12/site-packages/airflow/operators/python.py", line 256, in execute_callable
    return runner.run(*self.op_args, **self.op_kwargs)
           ^^^^^^^^^^^^^^^^^^^^^^^^^^^^^^^^^^^^^^^^^^^
  File "/home/airflow/.local/lib/python3.12/site-packages/airflow/utils/operator_helpers.py", line 252, in run
    return self.func(*args, **kwargs)
           ^^^^^^^^^^^^^^^^^^^^^^^^^^
  File "/opt/airflow/dags/API_Crypto_Extraction_modularizad.py", line 61, in transformar_data
    df_final = df[['id', 'name', 'priceUsd', 'date_time', 'key_id_date_time']]
               ~~^^^^^^^^^^^^^^^^^^^^^^^^^^^^^^^^^^^^^^^^^^^^^^^^^^^^^^^^^^^^^
  File "/home/airflow/.local/lib/python3.12/site-packages/pandas/core/frame.py", line 3899, in __getitem__
    indexer = self.columns._get_indexer_strict(key, "columns")[1]
              ^^^^^^^^^^^^^^^^^^^^^^^^^^^^^^^^^^^^^^^^^^^^^^^^
  File "/home/airflow/.local/lib/python3.12/site-packages/pandas/core/indexes/base.py", line 6115, in _get_indexer_strict
    self._raise_if_missing(keyarr, indexer, axis_name)
  File "/home/airflow/.local/lib/python3.12/site-packages/pandas/core/indexes/base.py", line 6179, in _raise_if_missing
    raise KeyError(f"{not_found} not in index")
KeyError: "['key_id_date_time'] not in index"
[2024-09-19T00:41:42.819+0000] {taskinstance.py:1225} INFO - Marking task as UP_FOR_RETRY. dag_id=Bitcoin_ETL, task_id=data_transformation, run_id=manual__2024-09-19T00:36:25.559353+00:00, execution_date=20240919T003625, start_date=20240919T004142, end_date=20240919T004142
[2024-09-19T00:41:42.837+0000] {warnings.py:112} WARNING - /home/***/.local/lib/python3.12/site-packages/***/utils/email.py:155: RemovedInAirflow3Warning: Fetching SMTP credentials from configuration variables will be deprecated in a future release. Please set credentials using a connection instead.
  send_mime_email(e_from=mail_from, e_to=recipients, mime_msg=msg, conn_id=conn_id, dryrun=dryrun)

[2024-09-19T00:41:42.838+0000] {email.py:272} INFO - Email alerting: attempt 1
[2024-09-19T00:41:43.839+0000] {email.py:272} INFO - Email alerting: attempt 1
[2024-09-19T00:41:45.461+0000] {taskinstance.py:1234} ERROR - Failed to send email to: ['nicolas.rivas@taligent.com.ar']
Traceback (most recent call last):
  File "/home/airflow/.local/lib/python3.12/site-packages/airflow/models/taskinstance.py", line 273, in _run_raw_task
    TaskInstance._execute_task_with_callbacks(
  File "/home/airflow/.local/lib/python3.12/site-packages/airflow/models/taskinstance.py", line 3158, in _execute_task_with_callbacks
    result = self._execute_task(context, task_orig)
             ^^^^^^^^^^^^^^^^^^^^^^^^^^^^^^^^^^^^^^
  File "/home/airflow/.local/lib/python3.12/site-packages/airflow/models/taskinstance.py", line 3182, in _execute_task
    return _execute_task(self, context, task_orig)
           ^^^^^^^^^^^^^^^^^^^^^^^^^^^^^^^^^^^^^^^
  File "/home/airflow/.local/lib/python3.12/site-packages/airflow/models/taskinstance.py", line 767, in _execute_task
    result = _execute_callable(context=context, **execute_callable_kwargs)
             ^^^^^^^^^^^^^^^^^^^^^^^^^^^^^^^^^^^^^^^^^^^^^^^^^^^^^^^^^^^^^
  File "/home/airflow/.local/lib/python3.12/site-packages/airflow/models/taskinstance.py", line 733, in _execute_callable
    return ExecutionCallableRunner(
           ^^^^^^^^^^^^^^^^^^^^^^^^
  File "/home/airflow/.local/lib/python3.12/site-packages/airflow/utils/operator_helpers.py", line 252, in run
    return self.func(*args, **kwargs)
           ^^^^^^^^^^^^^^^^^^^^^^^^^^
  File "/home/airflow/.local/lib/python3.12/site-packages/airflow/models/baseoperator.py", line 406, in wrapper
    return func(self, *args, **kwargs)
           ^^^^^^^^^^^^^^^^^^^^^^^^^^^
  File "/home/airflow/.local/lib/python3.12/site-packages/airflow/operators/python.py", line 238, in execute
    return_value = self.execute_callable()
                   ^^^^^^^^^^^^^^^^^^^^^^^
  File "/home/airflow/.local/lib/python3.12/site-packages/airflow/operators/python.py", line 256, in execute_callable
    return runner.run(*self.op_args, **self.op_kwargs)
           ^^^^^^^^^^^^^^^^^^^^^^^^^^^^^^^^^^^^^^^^^^^
  File "/home/airflow/.local/lib/python3.12/site-packages/airflow/utils/operator_helpers.py", line 252, in run
    return self.func(*args, **kwargs)
           ^^^^^^^^^^^^^^^^^^^^^^^^^^
  File "/opt/airflow/dags/API_Crypto_Extraction_modularizad.py", line 61, in transformar_data
    df_final = df[['id', 'name', 'priceUsd', 'date_time', 'key_id_date_time']]
               ~~^^^^^^^^^^^^^^^^^^^^^^^^^^^^^^^^^^^^^^^^^^^^^^^^^^^^^^^^^^^^^
  File "/home/airflow/.local/lib/python3.12/site-packages/pandas/core/frame.py", line 3899, in __getitem__
    indexer = self.columns._get_indexer_strict(key, "columns")[1]
              ^^^^^^^^^^^^^^^^^^^^^^^^^^^^^^^^^^^^^^^^^^^^^^^^
  File "/home/airflow/.local/lib/python3.12/site-packages/pandas/core/indexes/base.py", line 6115, in _get_indexer_strict
    self._raise_if_missing(keyarr, indexer, axis_name)
  File "/home/airflow/.local/lib/python3.12/site-packages/pandas/core/indexes/base.py", line 6179, in _raise_if_missing
    raise KeyError(f"{not_found} not in index")
KeyError: "['key_id_date_time'] not in index"

During handling of the above exception, another exception occurred:

Traceback (most recent call last):
  File "/home/airflow/.local/lib/python3.12/site-packages/airflow/models/taskinstance.py", line 1442, in _email_alert
    send_email(task.email, subject, html_content)
  File "/home/airflow/.local/lib/python3.12/site-packages/airflow/utils/email.py", line 80, in send_email
    return backend(
           ^^^^^^^^
  File "/home/airflow/.local/lib/python3.12/site-packages/airflow/utils/email.py", line 155, in send_email_smtp
    send_mime_email(e_from=mail_from, e_to=recipients, mime_msg=msg, conn_id=conn_id, dryrun=dryrun)
  File "/home/airflow/.local/lib/python3.12/site-packages/airflow/utils/email.py", line 282, in send_mime_email
    smtp_conn.login(smtp_user, smtp_password)
  File "/usr/local/lib/python3.12/smtplib.py", line 750, in login
    raise last_exception
  File "/usr/local/lib/python3.12/smtplib.py", line 739, in login
    (code, resp) = self.auth(
                   ^^^^^^^^^^
  File "/usr/local/lib/python3.12/smtplib.py", line 662, in auth
    raise SMTPAuthenticationError(code, resp)
smtplib.SMTPAuthenticationError: (535, b'5.7.8 Username and Password not accepted. For more information, go to\n5.7.8  https://support.google.com/mail/?p=BadCredentials d2e1a72fcca58-71944b9758csm7261034b3a.154 - gsmtp')

During handling of the above exception, another exception occurred:

Traceback (most recent call last):
  File "/home/airflow/.local/lib/python3.12/site-packages/airflow/models/taskinstance.py", line 1232, in _handle_failure
    task_instance.email_alert(error, failure_context["task"])
  File "/home/airflow/.local/lib/python3.12/site-packages/airflow/models/taskinstance.py", line 3604, in email_alert
    _email_alert(task_instance=self, exception=exception, task=task)
  File "/home/airflow/.local/lib/python3.12/site-packages/airflow/models/taskinstance.py", line 1444, in _email_alert
    send_email(task.email, subject, html_content_err)
  File "/home/airflow/.local/lib/python3.12/site-packages/airflow/utils/email.py", line 80, in send_email
    return backend(
           ^^^^^^^^
  File "/home/airflow/.local/lib/python3.12/site-packages/airflow/utils/email.py", line 155, in send_email_smtp
    send_mime_email(e_from=mail_from, e_to=recipients, mime_msg=msg, conn_id=conn_id, dryrun=dryrun)
  File "/home/airflow/.local/lib/python3.12/site-packages/airflow/utils/email.py", line 282, in send_mime_email
    smtp_conn.login(smtp_user, smtp_password)
  File "/usr/local/lib/python3.12/smtplib.py", line 750, in login
    raise last_exception
  File "/usr/local/lib/python3.12/smtplib.py", line 739, in login
    (code, resp) = self.auth(
                   ^^^^^^^^^^
  File "/usr/local/lib/python3.12/smtplib.py", line 662, in auth
    raise SMTPAuthenticationError(code, resp)
smtplib.SMTPAuthenticationError: (535, b'5.7.8 Username and Password not accepted. For more information, go to\n5.7.8  https://support.google.com/mail/?p=BadCredentials d2e1a72fcca58-71944a980b4sm7284994b3a.34 - gsmtp')
[2024-09-19T00:41:45.479+0000] {taskinstance.py:340} INFO - ::group::Post task execution logs
[2024-09-19T00:41:45.480+0000] {standard_task_runner.py:124} ERROR - Failed to execute job 557 for task data_transformation ("['key_id_date_time'] not in index"; 76)
Traceback (most recent call last):
  File "/home/airflow/.local/lib/python3.12/site-packages/airflow/task/task_runner/standard_task_runner.py", line 117, in _start_by_fork
    ret = args.func(args, dag=self.dag)
          ^^^^^^^^^^^^^^^^^^^^^^^^^^^^^
  File "/home/airflow/.local/lib/python3.12/site-packages/airflow/cli/cli_config.py", line 49, in command
    return func(*args, **kwargs)
           ^^^^^^^^^^^^^^^^^^^^^
  File "/home/airflow/.local/lib/python3.12/site-packages/airflow/utils/cli.py", line 115, in wrapper
    return f(*args, **kwargs)
           ^^^^^^^^^^^^^^^^^^
  File "/home/airflow/.local/lib/python3.12/site-packages/airflow/cli/commands/task_command.py", line 483, in task_run
    task_return_code = _run_task_by_selected_method(args, _dag, ti)
                       ^^^^^^^^^^^^^^^^^^^^^^^^^^^^^^^^^^^^^^^^^^^^
  File "/home/airflow/.local/lib/python3.12/site-packages/airflow/cli/commands/task_command.py", line 256, in _run_task_by_selected_method
    return _run_raw_task(args, ti)
           ^^^^^^^^^^^^^^^^^^^^^^^
  File "/home/airflow/.local/lib/python3.12/site-packages/airflow/cli/commands/task_command.py", line 341, in _run_raw_task
    return ti._run_raw_task(
           ^^^^^^^^^^^^^^^^^
  File "/home/airflow/.local/lib/python3.12/site-packages/airflow/utils/session.py", line 97, in wrapper
    return func(*args, session=session, **kwargs)
           ^^^^^^^^^^^^^^^^^^^^^^^^^^^^^^^^^^^^^^
  File "/home/airflow/.local/lib/python3.12/site-packages/airflow/models/taskinstance.py", line 3004, in _run_raw_task
    return _run_raw_task(
           ^^^^^^^^^^^^^^
  File "/home/airflow/.local/lib/python3.12/site-packages/airflow/models/taskinstance.py", line 273, in _run_raw_task
    TaskInstance._execute_task_with_callbacks(
  File "/home/airflow/.local/lib/python3.12/site-packages/airflow/models/taskinstance.py", line 3158, in _execute_task_with_callbacks
    result = self._execute_task(context, task_orig)
             ^^^^^^^^^^^^^^^^^^^^^^^^^^^^^^^^^^^^^^
  File "/home/airflow/.local/lib/python3.12/site-packages/airflow/models/taskinstance.py", line 3182, in _execute_task
    return _execute_task(self, context, task_orig)
           ^^^^^^^^^^^^^^^^^^^^^^^^^^^^^^^^^^^^^^^
  File "/home/airflow/.local/lib/python3.12/site-packages/airflow/models/taskinstance.py", line 767, in _execute_task
    result = _execute_callable(context=context, **execute_callable_kwargs)
             ^^^^^^^^^^^^^^^^^^^^^^^^^^^^^^^^^^^^^^^^^^^^^^^^^^^^^^^^^^^^^
  File "/home/airflow/.local/lib/python3.12/site-packages/airflow/models/taskinstance.py", line 733, in _execute_callable
    return ExecutionCallableRunner(
           ^^^^^^^^^^^^^^^^^^^^^^^^
  File "/home/airflow/.local/lib/python3.12/site-packages/airflow/utils/operator_helpers.py", line 252, in run
    return self.func(*args, **kwargs)
           ^^^^^^^^^^^^^^^^^^^^^^^^^^
  File "/home/airflow/.local/lib/python3.12/site-packages/airflow/models/baseoperator.py", line 406, in wrapper
    return func(self, *args, **kwargs)
           ^^^^^^^^^^^^^^^^^^^^^^^^^^^
  File "/home/airflow/.local/lib/python3.12/site-packages/airflow/operators/python.py", line 238, in execute
    return_value = self.execute_callable()
                   ^^^^^^^^^^^^^^^^^^^^^^^
  File "/home/airflow/.local/lib/python3.12/site-packages/airflow/operators/python.py", line 256, in execute_callable
    return runner.run(*self.op_args, **self.op_kwargs)
           ^^^^^^^^^^^^^^^^^^^^^^^^^^^^^^^^^^^^^^^^^^^
  File "/home/airflow/.local/lib/python3.12/site-packages/airflow/utils/operator_helpers.py", line 252, in run
    return self.func(*args, **kwargs)
           ^^^^^^^^^^^^^^^^^^^^^^^^^^
  File "/opt/airflow/dags/API_Crypto_Extraction_modularizad.py", line 61, in transformar_data
    df_final = df[['id', 'name', 'priceUsd', 'date_time', 'key_id_date_time']]
               ~~^^^^^^^^^^^^^^^^^^^^^^^^^^^^^^^^^^^^^^^^^^^^^^^^^^^^^^^^^^^^^
  File "/home/airflow/.local/lib/python3.12/site-packages/pandas/core/frame.py", line 3899, in __getitem__
    indexer = self.columns._get_indexer_strict(key, "columns")[1]
              ^^^^^^^^^^^^^^^^^^^^^^^^^^^^^^^^^^^^^^^^^^^^^^^^
  File "/home/airflow/.local/lib/python3.12/site-packages/pandas/core/indexes/base.py", line 6115, in _get_indexer_strict
    self._raise_if_missing(keyarr, indexer, axis_name)
  File "/home/airflow/.local/lib/python3.12/site-packages/pandas/core/indexes/base.py", line 6179, in _raise_if_missing
    raise KeyError(f"{not_found} not in index")
KeyError: "['key_id_date_time'] not in index"
[2024-09-19T00:41:45.518+0000] {local_task_job_runner.py:266} INFO - Task exited with return code 1
[2024-09-19T00:41:45.543+0000] {taskinstance.py:3900} INFO - 0 downstream tasks scheduled from follow-on schedule check
[2024-09-19T00:41:45.545+0000] {local_task_job_runner.py:245} INFO - ::endgroup::
